#0 building with "default" instance using docker driver

#1 [internal] load build definition from Dockerfile
#1 transferring dockerfile: 442B done
#1 DONE 0.0s

#2 [auth] library/python:pull token for registry-1.docker.io
#2 DONE 0.0s

#3 [internal] load metadata for docker.io/library/python:3.11.8
#3 DONE 2.1s

#4 [internal] load .dockerignore
#4 transferring context: 2B done
#4 DONE 0.0s

#5 [1/7] FROM docker.io/library/python:3.11.8@sha256:61d662f6d52206ab2290af4258257b5369573b6a4bbd904896699cc909221334
#5 DONE 0.0s

#6 [internal] load build context
#6 transferring context: 2.36kB done
#6 DONE 0.0s

#7 [2/7] RUN pip install --upgrade pip
#7 CACHED

#8 [3/7] WORKDIR /app
#8 CACHED

#9 [4/7] COPY requirements.txt /app/
#9 DONE 0.1s

#10 [5/7] RUN pip install --no-cache-dir -r requirements.txt
#10 0.624 Collecting numpy (from -r requirements.txt (line 2))
#10 0.675   Downloading numpy-1.26.4-cp311-cp311-manylinux_2_17_x86_64.manylinux2014_x86_64.whl.metadata (61 kB)
#10 0.687      ━━━━━━━━━━━━━━━━━━━━━━━━━━━━━━━━━━━━━━━━ 61.0/61.0 kB 5.8 MB/s eta 0:00:00
#10 0.785 Collecting pandas (from -r requirements.txt (line 3))
#10 0.795   Downloading pandas-2.2.1-cp311-cp311-manylinux_2_17_x86_64.manylinux2014_x86_64.whl.metadata (19 kB)
#10 0.816 Collecting optuna (from -r requirements.txt (line 4))
#10 0.826   Downloading optuna-3.6.0-py3-none-any.whl.metadata (17 kB)
#10 0.843 Collecting flask-restful (from -r requirements.txt (line 5))
#10 0.851   Downloading Flask_RESTful-0.3.10-py2.py3-none-any.whl.metadata (1.0 kB)
#10 0.874 Collecting flask (from -r requirements.txt (line 6))
#10 0.882   Downloading flask-3.0.2-py3-none-any.whl.metadata (3.6 kB)
#10 0.927 Collecting pytest (from -r requirements.txt (line 7))
#10 0.936   Downloading pytest-8.1.1-py3-none-any.whl.metadata (7.6 kB)
#10 0.957 Collecting pytest-cov (from -r requirements.txt (line 8))
#10 0.966   Downloading pytest_cov-5.0.0-py3-none-any.whl.metadata (27 kB)
#10 0.995 Collecting requests (from -r requirements.txt (line 9))
#10 1.001   Downloading requests-2.31.0-py3-none-any.whl.metadata (4.6 kB)
#10 1.019 Collecting nltk (from -r requirements.txt (line 12))
#10 1.028   Downloading nltk-3.8.1-py3-none-any.whl.metadata (2.8 kB)
#10 1.088 Collecting scikit-learn (from -r requirements.txt (line 13))
#10 1.096   Downloading scikit_learn-1.4.1.post1-cp311-cp311-manylinux_2_17_x86_64.manylinux2014_x86_64.whl.metadata (11 kB)
#10 1.122 Collecting xgboost (from -r requirements.txt (line 14))
#10 1.130   Downloading xgboost-2.0.3-py3-none-manylinux2014_x86_64.whl.metadata (2.0 kB)
#10 1.210 Collecting python-dateutil>=2.8.2 (from pandas->-r requirements.txt (line 3))
#10 1.218   Downloading python_dateutil-2.9.0.post0-py2.py3-none-any.whl.metadata (8.4 kB)
#10 1.258 Collecting pytz>=2020.1 (from pandas->-r requirements.txt (line 3))
#10 1.266   Downloading pytz-2024.1-py2.py3-none-any.whl.metadata (22 kB)
#10 1.286 Collecting tzdata>=2022.7 (from pandas->-r requirements.txt (line 3))
#10 1.291   Downloading tzdata-2024.1-py2.py3-none-any.whl.metadata (1.4 kB)
#10 1.342 Collecting alembic>=1.5.0 (from optuna->-r requirements.txt (line 4))
#10 1.350   Downloading alembic-1.13.1-py3-none-any.whl.metadata (7.4 kB)
#10 1.369 Collecting colorlog (from optuna->-r requirements.txt (line 4))
#10 1.377   Downloading colorlog-6.8.2-py3-none-any.whl.metadata (10 kB)
#10 1.400 Collecting packaging>=20.0 (from optuna->-r requirements.txt (line 4))
#10 1.408   Downloading packaging-24.0-py3-none-any.whl.metadata (3.2 kB)
#10 1.631 Collecting sqlalchemy>=1.3.0 (from optuna->-r requirements.txt (line 4))
#10 1.643   Downloading SQLAlchemy-2.0.29-cp311-cp311-manylinux_2_17_x86_64.manylinux2014_x86_64.whl.metadata (9.6 kB)
#10 1.685 Collecting tqdm (from optuna->-r requirements.txt (line 4))
#10 1.694   Downloading tqdm-4.66.2-py3-none-any.whl.metadata (57 kB)
#10 1.696      ━━━━━━━━━━━━━━━━━━━━━━━━━━━━━━━━━━━━━━━━ 57.6/57.6 kB 84.5 MB/s eta 0:00:00
#10 1.727 Collecting PyYAML (from optuna->-r requirements.txt (line 4))
#10 1.735   Downloading PyYAML-6.0.1-cp311-cp311-manylinux_2_17_x86_64.manylinux2014_x86_64.whl.metadata (2.1 kB)
#10 1.754 Collecting aniso8601>=0.82 (from flask-restful->-r requirements.txt (line 5))
#10 1.766   Downloading aniso8601-9.0.1-py2.py3-none-any.whl.metadata (23 kB)
#10 1.785 Collecting six>=1.3.0 (from flask-restful->-r requirements.txt (line 5))
#10 1.792   Downloading six-1.16.0-py2.py3-none-any.whl.metadata (1.8 kB)
#10 1.820 Collecting Werkzeug>=3.0.0 (from flask->-r requirements.txt (line 6))
#10 1.829   Downloading werkzeug-3.0.1-py3-none-any.whl.metadata (4.1 kB)
#10 1.848 Collecting Jinja2>=3.1.2 (from flask->-r requirements.txt (line 6))
#10 1.854   Downloading Jinja2-3.1.3-py3-none-any.whl.metadata (3.3 kB)
#10 1.869 Collecting itsdangerous>=2.1.2 (from flask->-r requirements.txt (line 6))
#10 1.878   Downloading itsdangerous-2.1.2-py3-none-any.whl.metadata (2.9 kB)
#10 1.899 Collecting click>=8.1.3 (from flask->-r requirements.txt (line 6))
#10 1.905   Downloading click-8.1.7-py3-none-any.whl.metadata (3.0 kB)
#10 1.921 Collecting blinker>=1.6.2 (from flask->-r requirements.txt (line 6))
#10 1.928   Downloading blinker-1.7.0-py3-none-any.whl.metadata (1.9 kB)
#10 1.948 Collecting iniconfig (from pytest->-r requirements.txt (line 7))
#10 1.954   Downloading iniconfig-2.0.0-py3-none-any.whl.metadata (2.6 kB)
#10 1.973 Collecting pluggy<2.0,>=1.4 (from pytest->-r requirements.txt (line 7))
#10 1.981   Downloading pluggy-1.4.0-py3-none-any.whl.metadata (4.3 kB)
#10 2.169 Collecting coverage>=5.2.1 (from coverage[toml]>=5.2.1->pytest-cov->-r requirements.txt (line 8))
#10 2.180   Downloading coverage-7.4.4-cp311-cp311-manylinux_2_5_x86_64.manylinux1_x86_64.manylinux_2_17_x86_64.manylinux2014_x86_64.whl.metadata (8.2 kB)
#10 2.271 Collecting charset-normalizer<4,>=2 (from requests->-r requirements.txt (line 9))
#10 2.279   Downloading charset_normalizer-3.3.2-cp311-cp311-manylinux_2_17_x86_64.manylinux2014_x86_64.whl.metadata (33 kB)
#10 2.297 Collecting idna<4,>=2.5 (from requests->-r requirements.txt (line 9))
#10 2.304   Downloading idna-3.6-py3-none-any.whl.metadata (9.9 kB)
#10 2.338 Collecting urllib3<3,>=1.21.1 (from requests->-r requirements.txt (line 9))
#10 2.344   Downloading urllib3-2.2.1-py3-none-any.whl.metadata (6.4 kB)
#10 2.364 Collecting certifi>=2017.4.17 (from requests->-r requirements.txt (line 9))
#10 2.372   Downloading certifi-2024.2.2-py3-none-any.whl.metadata (2.2 kB)
#10 2.404 Collecting joblib (from nltk->-r requirements.txt (line 12))
#10 2.418   Downloading joblib-1.3.2-py3-none-any.whl.metadata (5.4 kB)
#10 2.640 Collecting regex>=2021.8.3 (from nltk->-r requirements.txt (line 12))
#10 2.650   Downloading regex-2023.12.25-cp311-cp311-manylinux_2_17_x86_64.manylinux2014_x86_64.whl.metadata (40 kB)
#10 2.651      ━━━━━━━━━━━━━━━━━━━━━━━━━━━━━━━━━━━━━━━ 40.9/40.9 kB 362.5 MB/s eta 0:00:00
#10 2.792 Collecting scipy>=1.6.0 (from scikit-learn->-r requirements.txt (line 13))
#10 2.800   Downloading scipy-1.12.0-cp311-cp311-manylinux_2_17_x86_64.manylinux2014_x86_64.whl.metadata (60 kB)
#10 2.802      ━━━━━━━━━━━━━━━━━━━━━━━━━━━━━━━━━━━━━━━ 60.4/60.4 kB 205.3 MB/s eta 0:00:00
#10 2.826 Collecting threadpoolctl>=2.0.0 (from scikit-learn->-r requirements.txt (line 13))
#10 2.833   Downloading threadpoolctl-3.4.0-py3-none-any.whl.metadata (13 kB)
#10 2.860 Collecting Mako (from alembic>=1.5.0->optuna->-r requirements.txt (line 4))
#10 2.867   Downloading Mako-1.3.2-py3-none-any.whl.metadata (2.9 kB)
#10 2.886 Collecting typing-extensions>=4 (from alembic>=1.5.0->optuna->-r requirements.txt (line 4))
#10 2.894   Downloading typing_extensions-4.10.0-py3-none-any.whl.metadata (3.0 kB)
#10 2.950 Collecting MarkupSafe>=2.0 (from Jinja2>=3.1.2->flask->-r requirements.txt (line 6))
#10 2.958   Downloading MarkupSafe-2.1.5-cp311-cp311-manylinux_2_17_x86_64.manylinux2014_x86_64.whl.metadata (3.0 kB)
#10 3.108 Collecting greenlet!=0.4.17 (from sqlalchemy>=1.3.0->optuna->-r requirements.txt (line 4))
#10 3.115   Downloading greenlet-3.0.3-cp311-cp311-manylinux_2_24_x86_64.manylinux_2_28_x86_64.whl.metadata (3.8 kB)
#10 3.178 Downloading numpy-1.26.4-cp311-cp311-manylinux_2_17_x86_64.manylinux2014_x86_64.whl (18.3 MB)
#10 4.030    ━━━━━━━━━━━━━━━━━━━━━━━━━━━━━━━━━━━━━━━━ 18.3/18.3 MB 19.2 MB/s eta 0:00:00
#10 4.041 Downloading pandas-2.2.1-cp311-cp311-manylinux_2_17_x86_64.manylinux2014_x86_64.whl (13.0 MB)
#10 4.707    ━━━━━━━━━━━━━━━━━━━━━━━━━━━━━━━━━━━━━━━━ 13.0/13.0 MB 19.3 MB/s eta 0:00:00
#10 4.719 Downloading optuna-3.6.0-py3-none-any.whl (379 kB)
#10 4.740    ━━━━━━━━━━━━━━━━━━━━━━━━━━━━━━━━━━━━━━━━ 379.9/379.9 kB 21.2 MB/s eta 0:00:00
#10 4.751 Downloading Flask_RESTful-0.3.10-py2.py3-none-any.whl (26 kB)
#10 4.762 Downloading flask-3.0.2-py3-none-any.whl (101 kB)
#10 4.766    ━━━━━━━━━━━━━━━━━━━━━━━━━━━━━━━━━━━━━━━ 101.3/101.3 kB 163.9 MB/s eta 0:00:00
#10 4.776 Downloading pytest-8.1.1-py3-none-any.whl (337 kB)
#10 4.782    ━━━━━━━━━━━━━━━━━━━━━━━━━━━━━━━━━━━━━━━ 337.4/337.4 kB 151.1 MB/s eta 0:00:00
#10 4.793 Downloading pytest_cov-5.0.0-py3-none-any.whl (21 kB)
#10 4.803 Downloading requests-2.31.0-py3-none-any.whl (62 kB)
#10 4.807    ━━━━━━━━━━━━━━━━━━━━━━━━━━━━━━━━━━━━━━━━ 62.6/62.6 kB 136.8 MB/s eta 0:00:00
#10 4.821 Downloading nltk-3.8.1-py3-none-any.whl (1.5 MB)
#10 4.840    ━━━━━━━━━━━━━━━━━━━━━━━━━━━━━━━━━━━━━━━━ 1.5/1.5 MB 96.8 MB/s eta 0:00:00
#10 4.850 Downloading scikit_learn-1.4.1.post1-cp311-cp311-manylinux_2_17_x86_64.manylinux2014_x86_64.whl (12.1 MB)
#10 5.462    ━━━━━━━━━━━━━━━━━━━━━━━━━━━━━━━━━━━━━━━━ 12.1/12.1 MB 19.3 MB/s eta 0:00:00
#10 5.473 Downloading xgboost-2.0.3-py3-none-manylinux2014_x86_64.whl (297.1 MB)
#10 20.88    ━━━━━━━━━━━━━━━━━━━━━━━━━━━━━━━━━━━━━━━━ 297.1/297.1 MB 19.3 MB/s eta 0:00:00
#10 20.89 Downloading alembic-1.13.1-py3-none-any.whl (233 kB)
#10 20.90    ━━━━━━━━━━━━━━━━━━━━━━━━━━━━━━━━━━━━━━━━ 233.4/233.4 kB 31.1 MB/s eta 0:00:00
#10 20.91 Downloading aniso8601-9.0.1-py2.py3-none-any.whl (52 kB)
#10 20.92    ━━━━━━━━━━━━━━━━━━━━━━━━━━━━━━━━━━━━━━━━ 52.8/52.8 kB 370.7 MB/s eta 0:00:00
#10 20.93 Downloading blinker-1.7.0-py3-none-any.whl (13 kB)
#10 20.94 Downloading certifi-2024.2.2-py3-none-any.whl (163 kB)
#10 20.94    ━━━━━━━━━━━━━━━━━━━━━━━━━━━━━━━━━━━━━━━ 163.8/163.8 kB 485.6 MB/s eta 0:00:00
#10 20.95 Downloading charset_normalizer-3.3.2-cp311-cp311-manylinux_2_17_x86_64.manylinux2014_x86_64.whl (140 kB)
#10 20.95    ━━━━━━━━━━━━━━━━━━━━━━━━━━━━━━━━━━━━━━━━ 140.3/140.3 kB 77.0 MB/s eta 0:00:00
#10 20.96 Downloading click-8.1.7-py3-none-any.whl (97 kB)
#10 20.96    ━━━━━━━━━━━━━━━━━━━━━━━━━━━━━━━━━━━━━━━━ 97.9/97.9 kB 375.4 MB/s eta 0:00:00
#10 20.98 Downloading coverage-7.4.4-cp311-cp311-manylinux_2_5_x86_64.manylinux1_x86_64.manylinux_2_17_x86_64.manylinux2014_x86_64.whl (237 kB)
#10 20.98    ━━━━━━━━━━━━━━━━━━━━━━━━━━━━━━━━━━━━━━━ 237.3/237.3 kB 422.7 MB/s eta 0:00:00
#10 20.99 Downloading idna-3.6-py3-none-any.whl (61 kB)
#10 20.99    ━━━━━━━━━━━━━━━━━━━━━━━━━━━━━━━━━━━━━━━━ 61.6/61.6 kB 277.8 MB/s eta 0:00:00
#10 21.00 Downloading itsdangerous-2.1.2-py3-none-any.whl (15 kB)
#10 21.01 Downloading Jinja2-3.1.3-py3-none-any.whl (133 kB)
#10 21.01    ━━━━━━━━━━━━━━━━━━━━━━━━━━━━━━━━━━━━━━━ 133.2/133.2 kB 375.1 MB/s eta 0:00:00
#10 21.02 Downloading joblib-1.3.2-py3-none-any.whl (302 kB)
#10 21.02    ━━━━━━━━━━━━━━━━━━━━━━━━━━━━━━━━━━━━━━━ 302.2/302.2 kB 531.8 MB/s eta 0:00:00
#10 21.03 Downloading packaging-24.0-py3-none-any.whl (53 kB)
#10 21.03    ━━━━━━━━━━━━━━━━━━━━━━━━━━━━━━━━━━━━━━━━ 53.5/53.5 kB 126.1 MB/s eta 0:00:00
#10 21.04 Downloading pluggy-1.4.0-py3-none-any.whl (20 kB)
#10 21.05 Downloading python_dateutil-2.9.0.post0-py2.py3-none-any.whl (229 kB)
#10 21.05    ━━━━━━━━━━━━━━━━━━━━━━━━━━━━━━━━━━━━━━━ 229.9/229.9 kB 100.6 MB/s eta 0:00:00
#10 21.06 Downloading pytz-2024.1-py2.py3-none-any.whl (505 kB)
#10 21.07    ━━━━━━━━━━━━━━━━━━━━━━━━━━━━━━━━━━━━━━━ 505.5/505.5 kB 122.2 MB/s eta 0:00:00
#10 21.08 Downloading regex-2023.12.25-cp311-cp311-manylinux_2_17_x86_64.manylinux2014_x86_64.whl (785 kB)
#10 21.09    ━━━━━━━━━━━━━━━━━━━━━━━━━━━━━━━━━━━━━━━ 785.1/785.1 kB 101.2 MB/s eta 0:00:00
#10 21.10 Downloading scipy-1.12.0-cp311-cp311-manylinux_2_17_x86_64.manylinux2014_x86_64.whl (38.4 MB)
#10 23.04    ━━━━━━━━━━━━━━━━━━━━━━━━━━━━━━━━━━━━━━━━ 38.4/38.4 MB 19.3 MB/s eta 0:00:00
#10 23.05 Downloading six-1.16.0-py2.py3-none-any.whl (11 kB)
#10 23.06 Downloading SQLAlchemy-2.0.29-cp311-cp311-manylinux_2_17_x86_64.manylinux2014_x86_64.whl (3.2 MB)
#10 23.20    ━━━━━━━━━━━━━━━━━━━━━━━━━━━━━━━━━━━━━━━━ 3.2/3.2 MB 22.6 MB/s eta 0:00:00
#10 23.21 Downloading threadpoolctl-3.4.0-py3-none-any.whl (17 kB)
#10 23.23 Downloading tzdata-2024.1-py2.py3-none-any.whl (345 kB)
#10 23.23    ━━━━━━━━━━━━━━━━━━━━━━━━━━━━━━━━━━━━━━━ 345.4/345.4 kB 110.0 MB/s eta 0:00:00
#10 23.24 Downloading urllib3-2.2.1-py3-none-any.whl (121 kB)
#10 23.24    ━━━━━━━━━━━━━━━━━━━━━━━━━━━━━━━━━━━━━━━ 121.1/121.1 kB 267.8 MB/s eta 0:00:00
#10 23.25 Downloading werkzeug-3.0.1-py3-none-any.whl (226 kB)
#10 23.25    ━━━━━━━━━━━━━━━━━━━━━━━━━━━━━━━━━━━━━━━ 226.7/226.7 kB 216.1 MB/s eta 0:00:00
#10 23.26 Downloading colorlog-6.8.2-py3-none-any.whl (11 kB)
#10 23.27 Downloading iniconfig-2.0.0-py3-none-any.whl (5.9 kB)
#10 23.28 Downloading PyYAML-6.0.1-cp311-cp311-manylinux_2_17_x86_64.manylinux2014_x86_64.whl (757 kB)
#10 23.29    ━━━━━━━━━━━━━━━━━━━━━━━━━━━━━━━━━━━━━━━━ 757.7/757.7 kB 76.2 MB/s eta 0:00:00
#10 23.30 Downloading tqdm-4.66.2-py3-none-any.whl (78 kB)
#10 23.31    ━━━━━━━━━━━━━━━━━━━━━━━━━━━━━━━━━━━━━━━━ 78.3/78.3 kB 223.3 MB/s eta 0:00:00
#10 23.32 Downloading greenlet-3.0.3-cp311-cp311-manylinux_2_24_x86_64.manylinux_2_28_x86_64.whl (620 kB)
#10 23.33    ━━━━━━━━━━━━━━━━━━━━━━━━━━━━━━━━━━━━━━━ 620.0/620.0 kB 129.8 MB/s eta 0:00:00
#10 23.34 Downloading MarkupSafe-2.1.5-cp311-cp311-manylinux_2_17_x86_64.manylinux2014_x86_64.whl (28 kB)
#10 23.34 Downloading typing_extensions-4.10.0-py3-none-any.whl (33 kB)
#10 23.35 Downloading Mako-1.3.2-py3-none-any.whl (78 kB)
#10 23.35    ━━━━━━━━━━━━━━━━━━━━━━━━━━━━━━━━━━━━━━━━ 78.7/78.7 kB 205.3 MB/s eta 0:00:00
#10 24.01 Installing collected packages: pytz, aniso8601, urllib3, tzdata, typing-extensions, tqdm, threadpoolctl, six, regex, PyYAML, pluggy, packaging, numpy, MarkupSafe, joblib, itsdangerous, iniconfig, idna, greenlet, coverage, colorlog, click, charset-normalizer, certifi, blinker, Werkzeug, sqlalchemy, scipy, requests, python-dateutil, pytest, nltk, Mako, Jinja2, xgboost, scikit-learn, pytest-cov, pandas, flask, alembic, optuna, flask-restful
#10 39.09 Successfully installed Jinja2-3.1.3 Mako-1.3.2 MarkupSafe-2.1.5 PyYAML-6.0.1 Werkzeug-3.0.1 alembic-1.13.1 aniso8601-9.0.1 blinker-1.7.0 certifi-2024.2.2 charset-normalizer-3.3.2 click-8.1.7 colorlog-6.8.2 coverage-7.4.4 flask-3.0.2 flask-restful-0.3.10 greenlet-3.0.3 idna-3.6 iniconfig-2.0.0 itsdangerous-2.1.2 joblib-1.3.2 nltk-3.8.1 numpy-1.26.4 optuna-3.6.0 packaging-24.0 pandas-2.2.1 pluggy-1.4.0 pytest-8.1.1 pytest-cov-5.0.0 python-dateutil-2.9.0.post0 pytz-2024.1 regex-2023.12.25 requests-2.31.0 scikit-learn-1.4.1.post1 scipy-1.12.0 six-1.16.0 sqlalchemy-2.0.29 threadpoolctl-3.4.0 tqdm-4.66.2 typing-extensions-4.10.0 tzdata-2024.1 urllib3-2.2.1 xgboost-2.0.3
#10 39.09 WARNING: Running pip as the 'root' user can result in broken permissions and conflicting behaviour with the system package manager. It is recommended to use a virtual environment instead: https://pip.pypa.io/warnings/venv
#10 DONE 40.6s

#11 [6/7] RUN python -m nltk.downloader book
#11 7.689 <frozen runpy>:128: RuntimeWarning: 'nltk.downloader' found in sys.modules after import of package 'nltk', but prior to execution of 'nltk.downloader'; this may result in unpredictable behaviour
#11 7.759 [nltk_data] Downloading collection 'book'
#11 7.759 [nltk_data]    | 
#11 7.759 [nltk_data]    | Downloading package abc to /root/nltk_data...
#11 8.190 [nltk_data]    |   Unzipping corpora/abc.zip.
#11 8.228 [nltk_data]    | Downloading package brown to /root/nltk_data...
#11 8.725 [nltk_data]    |   Unzipping corpora/brown.zip.
#11 8.795 [nltk_data]    | Downloading package chat80 to /root/nltk_data...
#11 9.152 [nltk_data]    |   Unzipping corpora/chat80.zip.
#11 9.155 [nltk_data]    | Downloading package cmudict to /root/nltk_data...
#11 9.602 [nltk_data]    |   Unzipping corpora/cmudict.zip.
#11 9.624 [nltk_data]    | Downloading package conll2000 to /root/nltk_data...
#11 10.00 [nltk_data]    |   Unzipping corpora/conll2000.zip.
#11 10.01 [nltk_data]    | Downloading package conll2002 to /root/nltk_data...
#11 10.44 [nltk_data]    |   Unzipping corpora/conll2002.zip.
#11 10.47 [nltk_data]    | Downloading package dependency_treebank to
#11 10.47 [nltk_data]    |     /root/nltk_data...
#11 10.92 [nltk_data]    |   Unzipping corpora/dependency_treebank.zip.
#11 10.94 [nltk_data]    | Downloading package genesis to /root/nltk_data...
#11 11.34 [nltk_data]    |   Unzipping corpora/genesis.zip.
#11 11.34 [nltk_data]    | Downloading package gutenberg to /root/nltk_data...
#11 11.78 [nltk_data]    |   Unzipping corpora/gutenberg.zip.
#11 11.84 [nltk_data]    | Downloading package ieer to /root/nltk_data...
#11 12.15 [nltk_data]    |   Unzipping corpora/ieer.zip.
#11 12.15 [nltk_data]    | Downloading package inaugural to /root/nltk_data...
#11 12.49 [nltk_data]    |   Unzipping corpora/inaugural.zip.
#11 12.51 [nltk_data]    | Downloading package movie_reviews to
#11 12.51 [nltk_data]    |     /root/nltk_data...
#11 13.07 [nltk_data]    |   Unzipping corpora/movie_reviews.zip.
#11 13.25 [nltk_data]    | Downloading package nps_chat to /root/nltk_data...
#11 13.68 [nltk_data]    |   Unzipping corpora/nps_chat.zip.
#11 13.69 [nltk_data]    | Downloading package names to /root/nltk_data...
#11 14.07 [nltk_data]    |   Unzipping corpora/names.zip.
#11 14.07 [nltk_data]    | Downloading package ppattach to /root/nltk_data...
#11 14.52 [nltk_data]    |   Unzipping corpora/ppattach.zip.
#11 14.53 [nltk_data]    | Downloading package reuters to /root/nltk_data...
#11 15.14 [nltk_data]    | Downloading package senseval to /root/nltk_data...
#11 15.56 [nltk_data]    |   Unzipping corpora/senseval.zip.
#11 15.61 [nltk_data]    | Downloading package state_union to /root/nltk_data...
#11 15.95 [nltk_data]    |   Unzipping corpora/state_union.zip.
#11 15.97 [nltk_data]    | Downloading package stopwords to /root/nltk_data...
#11 16.02 [nltk_data]    |   Unzipping corpora/stopwords.zip.
#11 16.02 [nltk_data]    | Downloading package swadesh to /root/nltk_data...
#11 16.42 [nltk_data]    |   Unzipping corpora/swadesh.zip.
#11 16.42 [nltk_data]    | Downloading package timit to /root/nltk_data...
#11 17.90 [nltk_data]    |   Unzipping corpora/timit.zip.
#11 18.14 [nltk_data]    | Downloading package treebank to /root/nltk_data...
#11 18.62 [nltk_data]    |   Unzipping corpora/treebank.zip.
#11 18.69 [nltk_data]    | Downloading package toolbox to /root/nltk_data...
#11 19.11 [nltk_data]    |   Unzipping corpora/toolbox.zip.
#11 19.12 [nltk_data]    | Downloading package udhr to /root/nltk_data...
#11 19.54 [nltk_data]    |   Unzipping corpora/udhr.zip.
#11 19.58 [nltk_data]    | Downloading package udhr2 to /root/nltk_data...
#11 20.08 [nltk_data]    |   Unzipping corpora/udhr2.zip.
#11 20.13 [nltk_data]    | Downloading package unicode_samples to
#11 20.13 [nltk_data]    |     /root/nltk_data...
#11 20.52 [nltk_data]    |   Unzipping corpora/unicode_samples.zip.
#11 20.52 [nltk_data]    | Downloading package webtext to /root/nltk_data...
#11 20.87 [nltk_data]    |   Unzipping corpora/webtext.zip.
#11 20.88 [nltk_data]    | Downloading package wordnet to /root/nltk_data...
#11 21.71 [nltk_data]    | Downloading package wordnet_ic to /root/nltk_data...
#11 22.59 [nltk_data]    |   Unzipping corpora/wordnet_ic.zip.
#11 22.75 [nltk_data]    | Downloading package words to /root/nltk_data...
#11 23.12 [nltk_data]    |   Unzipping corpora/words.zip.
#11 23.14 [nltk_data]    | Downloading package maxent_treebank_pos_tagger to
#11 23.14 [nltk_data]    |     /root/nltk_data...
#11 23.93 [nltk_data]    |   Unzipping taggers/maxent_treebank_pos_tagger.zip.
#11 24.01 [nltk_data]    | Downloading package maxent_ne_chunker to
#11 24.01 [nltk_data]    |     /root/nltk_data...
#11 25.02 [nltk_data]    |   Unzipping chunkers/maxent_ne_chunker.zip.
#11 25.13 [nltk_data]    | Downloading package universal_tagset to
#11 25.13 [nltk_data]    |     /root/nltk_data...
#11 25.54 [nltk_data]    |   Unzipping taggers/universal_tagset.zip.
#11 25.54 [nltk_data]    | Downloading package punkt to /root/nltk_data...
#11 26.23 [nltk_data]    |   Unzipping tokenizers/punkt.zip.
#11 26.40 [nltk_data]    | Downloading package book_grammars to
#11 26.40 [nltk_data]    |     /root/nltk_data...
#11 26.76 [nltk_data]    |   Unzipping grammars/book_grammars.zip.
#11 26.77 [nltk_data]    | Downloading package city_database to
#11 26.77 [nltk_data]    |     /root/nltk_data...
#11 27.17 [nltk_data]    |   Unzipping corpora/city_database.zip.
#11 27.18 [nltk_data]    | Downloading package tagsets to /root/nltk_data...
#11 27.59 [nltk_data]    |   Unzipping help/tagsets.zip.
#11 27.59 [nltk_data]    | Downloading package panlex_swadesh to
#11 27.59 [nltk_data]    |     /root/nltk_data...
#11 27.96 [nltk_data]    | Downloading package averaged_perceptron_tagger to
#11 27.96 [nltk_data]    |     /root/nltk_data...
#11 28.37 [nltk_data]    |   Unzipping taggers/averaged_perceptron_tagger.zip.
#11 28.39 [nltk_data]    | 
#11 28.39 [nltk_data]  Done downloading collection book
#11 DONE 28.8s

#12 [7/7] COPY app /app/
#12 DONE 0.1s

#13 exporting to image
#13 exporting layers
#13 exporting layers 3.2s done
#13 writing image sha256:8c8d31c11c8e6ab37d4849dfbfd069e3bfb5c7af9861de587ace1d1594b55c17 done
#13 naming to docker.io/library/app-testing done
#13 DONE 3.2s
